Build started 2/25/2014 3:22:42 PM.
     1>Project "J:\Winter2014\CS236\Project2\DatalogParser\DatalogParser\DatalogParser.vcxproj" on node 2 (build target(s)).
     1>InitializeBuildStatus:
         Creating "Debug\DatalogParser.unsuccessfulbuild" because "AlwaysCreate" was specified.
       ClCompile:
         All outputs are up-to-date.
     1>C:\Program Files (x86)\MSBuild\Microsoft.Cpp\v4.0\Platforms\Win32\Microsoft.Cpp.Win32.Targets(268,5): warning MSB6008: Forcing a rebuild of all sources due to an error with the tracking logs. Not a valid Win32 FileTime.
C:\Program Files (x86)\MSBuild\Microsoft.Cpp\v4.0\Platforms\Win32\Microsoft.Cpp.Win32.Targets(268,5): warning MSB6008: Parameter name: fileTime
         c:\Program Files (x86)\Microsoft Visual Studio 10.0\VC\bin\link.exe /ERRORREPORT:PROMPT /OUT:"J:\Winter2014\CS236\Project2\DatalogParser\Debug\DatalogParser.exe" /NOLOGO kernel32.lib user32.lib gdi32.lib winspool.lib comdlg32.lib advapi32.lib shell32.lib ole32.lib oleaut32.lib uuid.lib odbc32.lib odbccp32.lib /MANIFEST /ManifestFile:"Debug\DatalogParser.exe.intermediate.manifest" /MANIFESTUAC:"level='asInvoker' uiAccess='false'" /DEBUG /PDB:"J:\Winter2014\CS236\Project2\DatalogParser\Debug\DatalogParser.pdb" /TLBID:1 /DYNAMICBASE /NXCOMPAT /IMPLIB:"J:\Winter2014\CS236\Project2\DatalogParser\Debug\DatalogParser.lib" /MACHINE:X86 Debug\Datalog.obj
         Debug\Fact.obj
         Debug\Input.obj
         Debug\Lex.obj
         Debug\Parameter.obj
         Debug\Parse.obj
         Debug\Predicate.obj
         Debug\Query.obj
         Debug\Rule.obj
         Debug\Scheme.obj
         Debug\State.obj
         Debug\Token.obj
         Debug\TokenType.obj
         Debug\Utils.obj
         LINK : J:\Winter2014\CS236\Project2\DatalogParser\Debug\DatalogParser.exe not found or not built by the last incremental link; performing full link
         DatalogParser.vcxproj -> J:\Winter2014\CS236\Project2\DatalogParser\Debug\DatalogParser.exe
       Manifest:
         C:\Program Files (x86)\Microsoft SDKs\Windows\v7.0A\bin\mt.exe /nologo /verbose /outputresource:"J:\Winter2014\CS236\Project2\DatalogParser\Debug\DatalogParser.exe;#1" /manifest Debug\DatalogParser.exe.intermediate.manifest
       FinalizeBuildStatus:
         Deleting file "Debug\DatalogParser.unsuccessfulbuild".
         Touching "Debug\DatalogParser.lastbuildstate".
     1>Done Building Project "J:\Winter2014\CS236\Project2\DatalogParser\DatalogParser\DatalogParser.vcxproj" (build target(s)).

Build succeeded.

Time Elapsed 00:00:04.59
